=/pretest.json
{
  _: [],
  f: [
    '/home/runner/work/exp-infinite-capacity-single-server-queue-with-exponential-arrivals-general-distributed-service-iitd/exp-infinite-capacity-single-server-queue-with-exponential-arrivals-general-distributed-service-iitd/experiment/pretest.json'
  ],
  files: [
    '/home/runner/work/exp-infinite-capacity-single-server-queue-with-exponential-arrivals-general-distributed-service-iitd/exp-infinite-capacity-single-server-queue-with-exponential-arrivals-general-distributed-service-iitd/experiment/pretest.json'
  ],
  c: 'assessment',
  contentTypes: 'assessment',
  'content-types': 'assessment',
  '$0': 'validate'
}
Validated true
=/posttest.json
{
  _: [],
  f: [
    '/home/runner/work/exp-infinite-capacity-single-server-queue-with-exponential-arrivals-general-distributed-service-iitd/exp-infinite-capacity-single-server-queue-with-exponential-arrivals-general-distributed-service-iitd/experiment/posttest.json'
  ],
  files: [
    '/home/runner/work/exp-infinite-capacity-single-server-queue-with-exponential-arrivals-general-distributed-service-iitd/exp-infinite-capacity-single-server-queue-with-exponential-arrivals-general-distributed-service-iitd/experiment/posttest.json'
  ],
  c: 'assessment',
  contentTypes: 'assessment',
  'content-types': 'assessment',
  '$0': 'validate'
}
/questions/0: must have required property 'answers'

/questions/0: must NOT have additional properties

/questions/0: must NOT have additional properties

/questions/1: must have required property 'answers'

/questions/1: must NOT have additional properties

/questions/1: must NOT have additional properties

/questions/2: must have required property 'answers'

/questions/2: must NOT have additional properties

/questions/2: must NOT have additional properties

/questions/3: must have required property 'answers'

/questions/3: must NOT have additional properties

/questions/3: must NOT have additional properties

Json Error: must match "then" schema
Json Error: must match "then" schema
Failed while validating /home/runner/work/exp-infinite-capacity-single-server-queue-with-exponential-arrivals-general-distributed-service-iitd/exp-infinite-capacity-single-server-queue-with-exponential-arrivals-general-distributed-service-iitd/experiment/posttest.json
Error: Schema is Invalid
